Using pre-set license
Built from '2021.1/staging' branch; Version is '2021.1.7f1 (d91830b65d9b) revision 14227504'; Using compiler version '192528614'; Build Type 'Release'
OS: 'Windows 10 Home; OS build 19042.1052; Version 2009; 64bit' Language: 'en' Physical Memory: 32619 MB
BatchMode: 1, IsHumanControllingUs: 0, StartBugReporterOnCrash: 0, Is64bit: 1, IsPro: 0

 COMMAND LINE ARGUMENTS:
C:\Program Files\Unity\Hub\Editor\2021.1.7f1\Editor\Unity.exe
-adb2
-batchMode
-noUpm
-name
AssetImportWorker0
-projectPath
C:/Users/aps26/Desktop/GMTK/NewKayak/Kayak/Kayak2021
-logFile
Logs/AssetImportWorker0.log
-srvPort
49588
Successfully changed project path to: C:/Users/aps26/Desktop/GMTK/NewKayak/Kayak/Kayak2021
C:/Users/aps26/Desktop/GMTK/NewKayak/Kayak/Kayak2021
Using Asset Import Pipeline V2.
Refreshing native plugins compatible for Editor in 92.87 ms, found 2 plugins.
Preloading 0 native plugins for Editor in 0.00 ms.
Initialize engine version: 2021.1.7f1 (d91830b65d9b)
[Subsystems] Discovering subsystems at path C:/Program Files/Unity/Hub/Editor/2021.1.7f1/Editor/Data/Resources/UnitySubsystems
[Subsystems] Discovering subsystems at path C:/Users/aps26/Desktop/GMTK/NewKayak/Kayak/Kayak2021/Assets
GfxDevice: creating device client; threaded=0; jobified=0
Direct3D:
    Version:  Direct3D 11.0 [level 11.1]
    Renderer: NVIDIA GeForce GTX 1650 (ID=0x1f91)
    Vendor:   NVIDIA
    VRAM:     3962 MB
    Driver:   26.21.14.4193
Initialize mono
Mono path[0] = 'C:/Program Files/Unity/Hub/Editor/2021.1.7f1/Editor/Data/Managed'
Mono path[1] = 'C:/Program Files/Unity/Hub/Editor/2021.1.7f1/Editor/Data/MonoBleedingEdge/lib/mono/unityjit'
Mono config path = 'C:/Program Files/Unity/Hub/Editor/2021.1.7f1/Editor/Data/MonoBleedingEdge/etc'
Using monoOptions --debugger-agent=transport=dt_socket,embedding=1,server=y,suspend=n,address=127.0.0.1:56848
Begin MonoManager ReloadAssembly
Registering precompiled unity dll's ...
Register platform support module: C:/Program Files/Unity/Hub/Editor/2021.1.7f1/Editor/Data/PlaybackEngines/WebGLSupport/UnityEditor.WebGL.Extensions.dll
Register platform support module: C:/Program Files/Unity/Hub/Editor/2021.1.7f1/Editor/Data/PlaybackEngines/WindowsStandaloneSupport/UnityEditor.WindowsStandalone.Extensions.dll
Registered in 0.002712 seconds.
Native extension for WindowsStandalone target not found
Native extension for WebGL target not found
Refreshing native plugins compatible for Editor in 95.91 ms, found 2 plugins.
Preloading 0 native plugins for Editor in 0.00 ms.
Mono: successfully reloaded assembly
- Completed reload, in  1.386 seconds
Platform modules already initialized, skipping
Registering precompiled user dll's ...
Registered in 0.003194 seconds.
Begin MonoManager ReloadAssembly
Symbol file LoadedFromMemory doesn't match image C:\Users\aps26\Desktop\GMTK\NewKayak\Kayak\Kayak2021\Library\PackageCache\com.unity.visualscripting@1.6.1\Editor\VisualScripting.Core\Dependencies\YamlDotNet\Unity.VisualScripting.YamlDotNet.dll
Symbol file LoadedFromMemory doesn't match image C:\Users\aps26\Desktop\GMTK\NewKayak\Kayak\Kayak2021\Library\PackageCache\com.unity.visualscripting@1.6.1\Editor\VisualScripting.Core\Dependencies\DotNetZip\Unity.VisualScripting.IonicZip.dll
Native extension for WindowsStandalone target not found
Native extension for WebGL target not found
Refreshing native plugins compatible for Editor in 93.81 ms, found 2 plugins.
Preloading 0 native plugins for Editor in 0.00 ms.
Mono: successfully reloaded assembly
- Completed reload, in  1.153 seconds
Platform modules already initialized, skipping
========================================================================
Worker process is ready to serve import requests
Launched and connected shader compiler UnityShaderCompiler.exe after 0.05 seconds
Refreshing native plugins compatible for Editor in 0.64 ms, found 2 plugins.
Preloading 0 native plugins for Editor in 0.00 ms.
Unloading 3372 Unused Serialized files (Serialized files now loaded: 0)
System memory in use before: 128.0 MB.
System memory in use after: 128.0 MB.

Unloading 28 unused Assets to reduce memory usage. Loaded Objects now: 3826.
Total: 2.987100 ms (FindLiveObjects: 0.266100 ms CreateObjectMapping: 0.145800 ms MarkObjects: 2.465300 ms  DeleteObjects: 0.108300 ms)

========================================================================
Received Import Request.
  path: Assets/Scripts/KayakMovement.cs
  artifactKey: Guid(2ebcc82eb566f7b44aa1eeb518b3060a) Importer(815301076,1909f56bfc062723c751e8b465ee728b)
Start importing Assets/Scripts/KayakMovement.cs using Guid(2ebcc82eb566f7b44aa1eeb518b3060a) Importer(815301076,1909f56bfc062723c751e8b465ee728b)  -> (artifact id: '07e370ac5f6bde704e2c02e0fc7ed353') in 0.027313 seconds 
========================================================================
Received Import Request.
  Time since last request: 27.070576 seconds.
  path: Assets/Scripts/KayakHealth.cs
  artifactKey: Guid(898cd96ccf0088a45a6cabdef0b52ca8) Importer(815301076,1909f56bfc062723c751e8b465ee728b)
Start importing Assets/Scripts/KayakHealth.cs using Guid(898cd96ccf0088a45a6cabdef0b52ca8) Importer(815301076,1909f56bfc062723c751e8b465ee728b)  -> (artifact id: 'fdc969e5c5da7e2fd255dd8a221bc8ed') in 0.002024 seconds 
========================================================================
Received Prepare
Registering precompiled user dll's ...
Registered in 0.003276 seconds.
Begin MonoManager ReloadAssembly
Symbol file LoadedFromMemory doesn't match image C:\Users\aps26\Desktop\GMTK\NewKayak\Kayak\Kayak2021\Library\PackageCache\com.unity.visualscripting@1.6.1\Editor\VisualScripting.Core\Dependencies\YamlDotNet\Unity.VisualScripting.YamlDotNet.dll
Symbol file LoadedFromMemory doesn't match image C:\Users\aps26\Desktop\GMTK\NewKayak\Kayak\Kayak2021\Library\PackageCache\com.unity.visualscripting@1.6.1\Editor\VisualScripting.Core\Dependencies\DotNetZip\Unity.VisualScripting.IonicZip.dll
Native extension for WindowsStandalone target not found
Native extension for WebGL target not found
Refreshing native plugins compatible for Editor in 0.62 ms, found 2 plugins.
Preloading 0 native plugins for Editor in 0.00 ms.
Mono: successfully reloaded assembly
- Completed reload, in  1.076 seconds
Platform modules already initialized, skipping
Refreshing native plugins compatible for Editor in 0.63 ms, found 2 plugins.
Preloading 0 native plugins for Editor in 0.00 ms.
Unloading 3368 Unused Serialized files (Serialized files now loaded: 0)
System memory in use before: 128.0 MB.
System memory in use after: 128.1 MB.

Unloading 16 unused Assets to reduce memory usage. Loaded Objects now: 3831.
Total: 2.682200 ms (FindLiveObjects: 0.270600 ms CreateObjectMapping: 0.143500 ms MarkObjects: 2.177100 ms  DeleteObjects: 0.089900 ms)

========================================================================
Received Import Request.
  Time since last request: 223.544553 seconds.
  path: Assets/Prefabs/Bullet.prefab
  artifactKey: Guid(8b9cc822947b68c499df8d906bddf93c) Importer(815301076,1909f56bfc062723c751e8b465ee728b)
Start importing Assets/Prefabs/Bullet.prefab using Guid(8b9cc822947b68c499df8d906bddf93c) Importer(815301076,1909f56bfc062723c751e8b465ee728b)  -> (artifact id: 'd6ca248f93b9e416892ce7dbe81c83ce') in 0.107621 seconds 
========================================================================
Received Prepare
Registering precompiled user dll's ...
Registered in 0.003093 seconds.
Begin MonoManager ReloadAssembly
Symbol file LoadedFromMemory doesn't match image C:\Users\aps26\Desktop\GMTK\NewKayak\Kayak\Kayak2021\Library\PackageCache\com.unity.visualscripting@1.6.1\Editor\VisualScripting.Core\Dependencies\YamlDotNet\Unity.VisualScripting.YamlDotNet.dll
Symbol file LoadedFromMemory doesn't match image C:\Users\aps26\Desktop\GMTK\NewKayak\Kayak\Kayak2021\Library\PackageCache\com.unity.visualscripting@1.6.1\Editor\VisualScripting.Core\Dependencies\DotNetZip\Unity.VisualScripting.IonicZip.dll
Native extension for WindowsStandalone target not found
Native extension for WebGL target not found
Refreshing native plugins compatible for Editor in 0.66 ms, found 2 plugins.
Preloading 0 native plugins for Editor in 0.00 ms.
Mono: successfully reloaded assembly
- Completed reload, in  1.027 seconds
Platform modules already initialized, skipping
Refreshing native plugins compatible for Editor in 0.67 ms, found 2 plugins.
Preloading 0 native plugins for Editor in 0.00 ms.
Unloading 3368 Unused Serialized files (Serialized files now loaded: 0)
System memory in use before: 131.7 MB.
System memory in use after: 131.8 MB.

Unloading 18 unused Assets to reduce memory usage. Loaded Objects now: 3842.
Total: 3.458200 ms (FindLiveObjects: 0.296800 ms CreateObjectMapping: 0.155500 ms MarkObjects: 2.834800 ms  DeleteObjects: 0.169000 ms)

========================================================================
Received Import Request.
  Time since last request: 43.572877 seconds.
  path: Assets/Scripts/KayakMovement.cs
  artifactKey: Guid(2ebcc82eb566f7b44aa1eeb518b3060a) Importer(815301076,1909f56bfc062723c751e8b465ee728b)
Start importing Assets/Scripts/KayakMovement.cs using Guid(2ebcc82eb566f7b44aa1eeb518b3060a) Importer(815301076,1909f56bfc062723c751e8b465ee728b)  -> (artifact id: 'f1966fffca8fa20bd9fd02b14f9ecac2') in 0.005927 seconds 
========================================================================
Received Import Request.
  Time since last request: 9.212262 seconds.
  path: Assets/Scripts/Bullet.cs
  artifactKey: Guid(74963e47c03271b49a5c5ef39ae07775) Importer(815301076,1909f56bfc062723c751e8b465ee728b)
Start importing Assets/Scripts/Bullet.cs using Guid(74963e47c03271b49a5c5ef39ae07775) Importer(815301076,1909f56bfc062723c751e8b465ee728b)  -> (artifact id: 'df08f2b06df656a272e37434123fa820') in 0.002409 seconds 
========================================================================
Received Prepare
Registering precompiled user dll's ...
Registered in 0.003060 seconds.
Begin MonoManager ReloadAssembly
Symbol file LoadedFromMemory doesn't match image C:\Users\aps26\Desktop\GMTK\NewKayak\Kayak\Kayak2021\Library\PackageCache\com.unity.visualscripting@1.6.1\Editor\VisualScripting.Core\Dependencies\YamlDotNet\Unity.VisualScripting.YamlDotNet.dll
Symbol file LoadedFromMemory doesn't match image C:\Users\aps26\Desktop\GMTK\NewKayak\Kayak\Kayak2021\Library\PackageCache\com.unity.visualscripting@1.6.1\Editor\VisualScripting.Core\Dependencies\DotNetZip\Unity.VisualScripting.IonicZip.dll
Native extension for WindowsStandalone target not found
Native extension for WebGL target not found
Refreshing native plugins compatible for Editor in 0.65 ms, found 2 plugins.
Preloading 0 native plugins for Editor in 0.00 ms.
Mono: successfully reloaded assembly
- Completed reload, in  1.015 seconds
Platform modules already initialized, skipping
Refreshing native plugins compatible for Editor in 0.61 ms, found 2 plugins.
Preloading 0 native plugins for Editor in 0.00 ms.
Unloading 3369 Unused Serialized files (Serialized files now loaded: 0)
System memory in use before: 131.8 MB.
System memory in use after: 131.9 MB.

Unloading 16 unused Assets to reduce memory usage. Loaded Objects now: 3847.
Total: 2.970900 ms (FindLiveObjects: 0.258800 ms CreateObjectMapping: 0.129800 ms MarkObjects: 2.461400 ms  DeleteObjects: 0.119800 ms)

========================================================================
Received Prepare
Registering precompiled user dll's ...
Registered in 0.003150 seconds.
Begin MonoManager ReloadAssembly
Symbol file LoadedFromMemory doesn't match image C:\Users\aps26\Desktop\GMTK\NewKayak\Kayak\Kayak2021\Library\PackageCache\com.unity.visualscripting@1.6.1\Editor\VisualScripting.Core\Dependencies\YamlDotNet\Unity.VisualScripting.YamlDotNet.dll
Symbol file LoadedFromMemory doesn't match image C:\Users\aps26\Desktop\GMTK\NewKayak\Kayak\Kayak2021\Library\PackageCache\com.unity.visualscripting@1.6.1\Editor\VisualScripting.Core\Dependencies\DotNetZip\Unity.VisualScripting.IonicZip.dll
Native extension for WindowsStandalone target not found
Native extension for WebGL target not found
Refreshing native plugins compatible for Editor in 0.62 ms, found 2 plugins.
Preloading 0 native plugins for Editor in 0.00 ms.
Mono: successfully reloaded assembly
- Completed reload, in  1.031 seconds
Platform modules already initialized, skipping
Refreshing native plugins compatible for Editor in 0.71 ms, found 2 plugins.
Preloading 0 native plugins for Editor in 0.00 ms.
Unloading 3369 Unused Serialized files (Serialized files now loaded: 0)
System memory in use before: 131.8 MB.
System memory in use after: 131.9 MB.

Unloading 16 unused Assets to reduce memory usage. Loaded Objects now: 3851.
Total: 3.036700 ms (FindLiveObjects: 0.312100 ms CreateObjectMapping: 0.177600 ms MarkObjects: 2.436000 ms  DeleteObjects: 0.109900 ms)

========================================================================
Received Import Request.
  Time since last request: 69.763320 seconds.
  path: Assets/Scripts/Bullet.cs
  artifactKey: Guid(74963e47c03271b49a5c5ef39ae07775) Importer(815301076,1909f56bfc062723c751e8b465ee728b)
Start importing Assets/Scripts/Bullet.cs using Guid(74963e47c03271b49a5c5ef39ae07775) Importer(815301076,1909f56bfc062723c751e8b465ee728b)  -> (artifact id: 'f8c192d413ee5e84133dcb89a9cf0287') in 0.011485 seconds 
========================================================================
Received Prepare
Registering precompiled user dll's ...
Registered in 0.003118 seconds.
Begin MonoManager ReloadAssembly
Symbol file LoadedFromMemory doesn't match image C:\Users\aps26\Desktop\GMTK\NewKayak\Kayak\Kayak2021\Library\PackageCache\com.unity.visualscripting@1.6.1\Editor\VisualScripting.Core\Dependencies\YamlDotNet\Unity.VisualScripting.YamlDotNet.dll
Symbol file LoadedFromMemory doesn't match image C:\Users\aps26\Desktop\GMTK\NewKayak\Kayak\Kayak2021\Library\PackageCache\com.unity.visualscripting@1.6.1\Editor\VisualScripting.Core\Dependencies\DotNetZip\Unity.VisualScripting.IonicZip.dll
Native extension for WindowsStandalone target not found
Native extension for WebGL target not found
Refreshing native plugins compatible for Editor in 0.63 ms, found 2 plugins.
Preloading 0 native plugins for Editor in 0.00 ms.
Mono: successfully reloaded assembly
- Completed reload, in  1.048 seconds
Platform modules already initialized, skipping
Refreshing native plugins compatible for Editor in 0.61 ms, found 2 plugins.
Preloading 0 native plugins for Editor in 0.00 ms.
Unloading 3369 Unused Serialized files (Serialized files now loaded: 0)
System memory in use before: 131.8 MB.
System memory in use after: 131.9 MB.

Unloading 16 unused Assets to reduce memory usage. Loaded Objects now: 3855.
Total: 2.666600 ms (FindLiveObjects: 0.244500 ms CreateObjectMapping: 0.156500 ms MarkObjects: 2.175000 ms  DeleteObjects: 0.090000 ms)

========================================================================
Received Import Request.
  Time since last request: 420.187762 seconds.
  path: Assets/Prefabs/Kayak.prefab
  artifactKey: Guid(9e0cd5a2a3c6c8c4a9913c034685e3bd) Importer(815301076,1909f56bfc062723c751e8b465ee728b)
Start importing Assets/Prefabs/Kayak.prefab using Guid(9e0cd5a2a3c6c8c4a9913c034685e3bd) Importer(815301076,1909f56bfc062723c751e8b465ee728b)  -> (artifact id: 'a592032d01b4d8fb8a5ffc3fdc3ceb80') in 0.069317 seconds 
========================================================================
Received Prepare
Registering precompiled user dll's ...
Registered in 0.003025 seconds.
Begin MonoManager ReloadAssembly
Symbol file LoadedFromMemory doesn't match image C:\Users\aps26\Desktop\GMTK\NewKayak\Kayak\Kayak2021\Library\PackageCache\com.unity.visualscripting@1.6.1\Editor\VisualScripting.Core\Dependencies\YamlDotNet\Unity.VisualScripting.YamlDotNet.dll
Symbol file LoadedFromMemory doesn't match image C:\Users\aps26\Desktop\GMTK\NewKayak\Kayak\Kayak2021\Library\PackageCache\com.unity.visualscripting@1.6.1\Editor\VisualScripting.Core\Dependencies\DotNetZip\Unity.VisualScripting.IonicZip.dll
Native extension for WindowsStandalone target not found
Native extension for WebGL target not found
Refreshing native plugins compatible for Editor in 0.63 ms, found 2 plugins.
Preloading 0 native plugins for Editor in 0.00 ms.
Mono: successfully reloaded assembly
- Completed reload, in  0.997 seconds
Platform modules already initialized, skipping
Refreshing native plugins compatible for Editor in 0.62 ms, found 2 plugins.
Preloading 0 native plugins for Editor in 0.00 ms.
Unloading 3369 Unused Serialized files (Serialized files now loaded: 0)
System memory in use before: 131.8 MB.
System memory in use after: 131.9 MB.

Unloading 20 unused Assets to reduce memory usage. Loaded Objects now: 3860.
Total: 2.653600 ms (FindLiveObjects: 0.271300 ms CreateObjectMapping: 0.134400 ms MarkObjects: 2.118600 ms  DeleteObjects: 0.128400 ms)

========================================================================
Received Import Request.
  Time since last request: 22.278370 seconds.
  path: Assets/Prefabs/Bullet.prefab
  artifactKey: Guid(8b9cc822947b68c499df8d906bddf93c) Importer(815301076,1909f56bfc062723c751e8b465ee728b)
Start importing Assets/Prefabs/Bullet.prefab using Guid(8b9cc822947b68c499df8d906bddf93c) Importer(815301076,1909f56bfc062723c751e8b465ee728b)  -> (artifact id: '87b09e0be3522651a6b2585260e03da6') in 0.051111 seconds 
========================================================================
Received Import Request.
  Time since last request: 2.073532 seconds.
  path: Assets/Prefabs/Bullet.prefab
  artifactKey: Guid(8b9cc822947b68c499df8d906bddf93c) Importer(815301076,1909f56bfc062723c751e8b465ee728b)
Start importing Assets/Prefabs/Bullet.prefab using Guid(8b9cc822947b68c499df8d906bddf93c) Importer(815301076,1909f56bfc062723c751e8b465ee728b)  -> (artifact id: '25f4b8f431702e541a7c3b9cbc044225') in 0.008868 seconds 
========================================================================
Received Import Request.
  Time since last request: 5.669665 seconds.
  path: Assets/Prefabs/Bullet.prefab
  artifactKey: Guid(8b9cc822947b68c499df8d906bddf93c) Importer(815301076,1909f56bfc062723c751e8b465ee728b)
Start importing Assets/Prefabs/Bullet.prefab using Guid(8b9cc822947b68c499df8d906bddf93c) Importer(815301076,1909f56bfc062723c751e8b465ee728b)  -> (artifact id: '5ea2f6dd3c612edd8536d043e44aa039') in 0.009154 seconds 
========================================================================
Received Prepare
Registering precompiled user dll's ...
Registered in 0.002975 seconds.
Begin MonoManager ReloadAssembly
Symbol file LoadedFromMemory doesn't match image C:\Users\aps26\Desktop\GMTK\NewKayak\Kayak\Kayak2021\Library\PackageCache\com.unity.visualscripting@1.6.1\Editor\VisualScripting.Core\Dependencies\YamlDotNet\Unity.VisualScripting.YamlDotNet.dll
Symbol file LoadedFromMemory doesn't match image C:\Users\aps26\Desktop\GMTK\NewKayak\Kayak\Kayak2021\Library\PackageCache\com.unity.visualscripting@1.6.1\Editor\VisualScripting.Core\Dependencies\DotNetZip\Unity.VisualScripting.IonicZip.dll
Native extension for WindowsStandalone target not found
Native extension for WebGL target not found
Refreshing native plugins compatible for Editor in 0.63 ms, found 2 plugins.
Preloading 0 native plugins for Editor in 0.00 ms.
Mono: successfully reloaded assembly
- Completed reload, in  1.029 seconds
Platform modules already initialized, skipping
Refreshing native plugins compatible for Editor in 0.62 ms, found 2 plugins.
Preloading 0 native plugins for Editor in 0.00 ms.
Unloading 3369 Unused Serialized files (Serialized files now loaded: 0)
System memory in use before: 131.9 MB.
System memory in use after: 132.0 MB.

Unloading 18 unused Assets to reduce memory usage. Loaded Objects now: 3865.
Total: 2.755000 ms (FindLiveObjects: 0.297500 ms CreateObjectMapping: 0.165400 ms MarkObjects: 2.168600 ms  DeleteObjects: 0.122900 ms)

========================================================================
Received Prepare
Registering precompiled user dll's ...
Registered in 0.003027 seconds.
Begin MonoManager ReloadAssembly
Symbol file LoadedFromMemory doesn't match image C:\Users\aps26\Desktop\GMTK\NewKayak\Kayak\Kayak2021\Library\PackageCache\com.unity.visualscripting@1.6.1\Editor\VisualScripting.Core\Dependencies\YamlDotNet\Unity.VisualScripting.YamlDotNet.dll
Symbol file LoadedFromMemory doesn't match image C:\Users\aps26\Desktop\GMTK\NewKayak\Kayak\Kayak2021\Library\PackageCache\com.unity.visualscripting@1.6.1\Editor\VisualScripting.Core\Dependencies\DotNetZip\Unity.VisualScripting.IonicZip.dll
Native extension for WindowsStandalone target not found
Native extension for WebGL target not found
Refreshing native plugins compatible for Editor in 0.63 ms, found 2 plugins.
Preloading 0 native plugins for Editor in 0.00 ms.
Mono: successfully reloaded assembly
- Completed reload, in  1.033 seconds
Platform modules already initialized, skipping
Refreshing native plugins compatible for Editor in 0.66 ms, found 2 plugins.
Preloading 0 native plugins for Editor in 0.00 ms.
Unloading 3369 Unused Serialized files (Serialized files now loaded: 0)
System memory in use before: 131.9 MB.
System memory in use after: 132.0 MB.

Unloading 16 unused Assets to reduce memory usage. Loaded Objects now: 3869.
Total: 3.530200 ms (FindLiveObjects: 0.282800 ms CreateObjectMapping: 0.142900 ms MarkObjects: 2.984100 ms  DeleteObjects: 0.119600 ms)

========================================================================
Received Prepare
Registering precompiled user dll's ...
Registered in 0.003157 seconds.
Begin MonoManager ReloadAssembly
Symbol file LoadedFromMemory doesn't match image C:\Users\aps26\Desktop\GMTK\NewKayak\Kayak\Kayak2021\Library\PackageCache\com.unity.visualscripting@1.6.1\Editor\VisualScripting.Core\Dependencies\YamlDotNet\Unity.VisualScripting.YamlDotNet.dll
Symbol file LoadedFromMemory doesn't match image C:\Users\aps26\Desktop\GMTK\NewKayak\Kayak\Kayak2021\Library\PackageCache\com.unity.visualscripting@1.6.1\Editor\VisualScripting.Core\Dependencies\DotNetZip\Unity.VisualScripting.IonicZip.dll
Native extension for WindowsStandalone target not found
Native extension for WebGL target not found
Refreshing native plugins compatible for Editor in 0.65 ms, found 2 plugins.
Preloading 0 native plugins for Editor in 0.00 ms.
Mono: successfully reloaded assembly
- Completed reload, in  1.059 seconds
Platform modules already initialized, skipping
Refreshing native plugins compatible for Editor in 0.63 ms, found 2 plugins.
Preloading 0 native plugins for Editor in 0.00 ms.
Unloading 3369 Unused Serialized files (Serialized files now loaded: 0)
System memory in use before: 131.9 MB.
System memory in use after: 132.0 MB.

Unloading 16 unused Assets to reduce memory usage. Loaded Objects now: 3873.
Total: 2.740800 ms (FindLiveObjects: 0.271600 ms CreateObjectMapping: 0.137000 ms MarkObjects: 2.239700 ms  DeleteObjects: 0.091600 ms)

========================================================================
Received Prepare
Registering precompiled user dll's ...
Registered in 0.003230 seconds.
Begin MonoManager ReloadAssembly
Symbol file LoadedFromMemory doesn't match image C:\Users\aps26\Desktop\GMTK\NewKayak\Kayak\Kayak2021\Library\PackageCache\com.unity.visualscripting@1.6.1\Editor\VisualScripting.Core\Dependencies\YamlDotNet\Unity.VisualScripting.YamlDotNet.dll
Symbol file LoadedFromMemory doesn't match image C:\Users\aps26\Desktop\GMTK\NewKayak\Kayak\Kayak2021\Library\PackageCache\com.unity.visualscripting@1.6.1\Editor\VisualScripting.Core\Dependencies\DotNetZip\Unity.VisualScripting.IonicZip.dll
Native extension for WindowsStandalone target not found
Native extension for WebGL target not found
Refreshing native plugins compatible for Editor in 0.64 ms, found 2 plugins.
Preloading 0 native plugins for Editor in 0.00 ms.
Mono: successfully reloaded assembly
- Completed reload, in  1.005 seconds
Platform modules already initialized, skipping
Refreshing native plugins compatible for Editor in 0.69 ms, found 2 plugins.
Preloading 0 native plugins for Editor in 0.00 ms.
Unloading 3369 Unused Serialized files (Serialized files now loaded: 0)
System memory in use before: 131.9 MB.
System memory in use after: 132.0 MB.

Unloading 16 unused Assets to reduce memory usage. Loaded Objects now: 3877.
Total: 3.264400 ms (FindLiveObjects: 0.321200 ms CreateObjectMapping: 0.205500 ms MarkObjects: 2.626100 ms  DeleteObjects: 0.110500 ms)

========================================================================
Received Prepare
Registering precompiled user dll's ...
Registered in 0.003193 seconds.
Begin MonoManager ReloadAssembly
Symbol file LoadedFromMemory doesn't match image C:\Users\aps26\Desktop\GMTK\NewKayak\Kayak\Kayak2021\Library\PackageCache\com.unity.visualscripting@1.6.1\Editor\VisualScripting.Core\Dependencies\YamlDotNet\Unity.VisualScripting.YamlDotNet.dll
Symbol file LoadedFromMemory doesn't match image C:\Users\aps26\Desktop\GMTK\NewKayak\Kayak\Kayak2021\Library\PackageCache\com.unity.visualscripting@1.6.1\Editor\VisualScripting.Core\Dependencies\DotNetZip\Unity.VisualScripting.IonicZip.dll
Native extension for WindowsStandalone target not found
Native extension for WebGL target not found
Refreshing native plugins compatible for Editor in 0.67 ms, found 2 plugins.
Preloading 0 native plugins for Editor in 0.00 ms.
Mono: successfully reloaded assembly
- Completed reload, in  1.038 seconds
Platform modules already initialized, skipping
Refreshing native plugins compatible for Editor in 0.62 ms, found 2 plugins.
Preloading 0 native plugins for Editor in 0.00 ms.
Unloading 3369 Unused Serialized files (Serialized files now loaded: 0)
System memory in use before: 131.9 MB.
System memory in use after: 132.0 MB.

Unloading 16 unused Assets to reduce memory usage. Loaded Objects now: 3881.
Total: 2.822200 ms (FindLiveObjects: 0.303300 ms CreateObjectMapping: 0.203200 ms MarkObjects: 2.216700 ms  DeleteObjects: 0.098100 ms)

========================================================================
Received Prepare
Registering precompiled user dll's ...
Registered in 0.003840 seconds.
Begin MonoManager ReloadAssembly
Symbol file LoadedFromMemory doesn't match image C:\Users\aps26\Desktop\GMTK\NewKayak\Kayak\Kayak2021\Library\PackageCache\com.unity.visualscripting@1.6.1\Editor\VisualScripting.Core\Dependencies\YamlDotNet\Unity.VisualScripting.YamlDotNet.dll
Symbol file LoadedFromMemory doesn't match image C:\Users\aps26\Desktop\GMTK\NewKayak\Kayak\Kayak2021\Library\PackageCache\com.unity.visualscripting@1.6.1\Editor\VisualScripting.Core\Dependencies\DotNetZip\Unity.VisualScripting.IonicZip.dll
Native extension for WindowsStandalone target not found
Native extension for WebGL target not found
Refreshing native plugins compatible for Editor in 0.64 ms, found 2 plugins.
Preloading 0 native plugins for Editor in 0.00 ms.
Mono: successfully reloaded assembly
- Completed reload, in  1.004 seconds
Platform modules already initialized, skipping
Refreshing native plugins compatible for Editor in 0.69 ms, found 2 plugins.
Preloading 0 native plugins for Editor in 0.00 ms.
Unloading 3369 Unused Serialized files (Serialized files now loaded: 0)
System memory in use before: 131.9 MB.
System memory in use after: 132.0 MB.

Unloading 16 unused Assets to reduce memory usage. Loaded Objects now: 3885.
Total: 2.696200 ms (FindLiveObjects: 0.281100 ms CreateObjectMapping: 0.156600 ms MarkObjects: 2.157400 ms  DeleteObjects: 0.100400 ms)

========================================================================
Received Prepare
Registering precompiled user dll's ...
Registered in 0.003138 seconds.
Begin MonoManager ReloadAssembly
Symbol file LoadedFromMemory doesn't match image C:\Users\aps26\Desktop\GMTK\NewKayak\Kayak\Kayak2021\Library\PackageCache\com.unity.visualscripting@1.6.1\Editor\VisualScripting.Core\Dependencies\YamlDotNet\Unity.VisualScripting.YamlDotNet.dll
Symbol file LoadedFromMemory doesn't match image C:\Users\aps26\Desktop\GMTK\NewKayak\Kayak\Kayak2021\Library\PackageCache\com.unity.visualscripting@1.6.1\Editor\VisualScripting.Core\Dependencies\DotNetZip\Unity.VisualScripting.IonicZip.dll
Native extension for WindowsStandalone target not found
Native extension for WebGL target not found
Refreshing native plugins compatible for Editor in 0.65 ms, found 2 plugins.
Preloading 0 native plugins for Editor in 0.00 ms.
Mono: successfully reloaded assembly
- Completed reload, in  1.013 seconds
Platform modules already initialized, skipping
Refreshing native plugins compatible for Editor in 0.64 ms, found 2 plugins.
Preloading 0 native plugins for Editor in 0.00 ms.
Unloading 3369 Unused Serialized files (Serialized files now loaded: 0)
System memory in use before: 131.9 MB.
System memory in use after: 132.0 MB.

Unloading 16 unused Assets to reduce memory usage. Loaded Objects now: 3889.
Total: 3.284100 ms (FindLiveObjects: 0.288600 ms CreateObjectMapping: 0.177600 ms MarkObjects: 2.705700 ms  DeleteObjects: 0.110700 ms)

========================================================================
Received Prepare
Registering precompiled user dll's ...
Registered in 0.003063 seconds.
Begin MonoManager ReloadAssembly
Symbol file LoadedFromMemory doesn't match image C:\Users\aps26\Desktop\GMTK\NewKayak\Kayak\Kayak2021\Library\PackageCache\com.unity.visualscripting@1.6.1\Editor\VisualScripting.Core\Dependencies\YamlDotNet\Unity.VisualScripting.YamlDotNet.dll
Symbol file LoadedFromMemory doesn't match image C:\Users\aps26\Desktop\GMTK\NewKayak\Kayak\Kayak2021\Library\PackageCache\com.unity.visualscripting@1.6.1\Editor\VisualScripting.Core\Dependencies\DotNetZip\Unity.VisualScripting.IonicZip.dll
Native extension for WindowsStandalone target not found
Native extension for WebGL target not found
Refreshing native plugins compatible for Editor in 0.62 ms, found 2 plugins.
Preloading 0 native plugins for Editor in 0.00 ms.
Mono: successfully reloaded assembly
- Completed reload, in  1.059 seconds
Platform modules already initialized, skipping
Refreshing native plugins compatible for Editor in 0.63 ms, found 2 plugins.
Preloading 0 native plugins for Editor in 0.00 ms.
Unloading 3369 Unused Serialized files (Serialized files now loaded: 0)
System memory in use before: 131.9 MB.
System memory in use after: 132.0 MB.

Unloading 16 unused Assets to reduce memory usage. Loaded Objects now: 3893.
Total: 2.689800 ms (FindLiveObjects: 0.281500 ms CreateObjectMapping: 0.160000 ms MarkObjects: 2.157900 ms  DeleteObjects: 0.089700 ms)

========================================================================
Received Prepare
Registering precompiled user dll's ...
Registered in 0.003181 seconds.
Begin MonoManager ReloadAssembly
Symbol file LoadedFromMemory doesn't match image C:\Users\aps26\Desktop\GMTK\NewKayak\Kayak\Kayak2021\Library\PackageCache\com.unity.visualscripting@1.6.1\Editor\VisualScripting.Core\Dependencies\YamlDotNet\Unity.VisualScripting.YamlDotNet.dll
Symbol file LoadedFromMemory doesn't match image C:\Users\aps26\Desktop\GMTK\NewKayak\Kayak\Kayak2021\Library\PackageCache\com.unity.visualscripting@1.6.1\Editor\VisualScripting.Core\Dependencies\DotNetZip\Unity.VisualScripting.IonicZip.dll
Native extension for WindowsStandalone target not found
Native extension for WebGL target not found
Refreshing native plugins compatible for Editor in 0.64 ms, found 2 plugins.
Preloading 0 native plugins for Editor in 0.00 ms.
Mono: successfully reloaded assembly
- Completed reload, in  1.044 seconds
Platform modules already initialized, skipping
Refreshing native plugins compatible for Editor in 0.63 ms, found 2 plugins.
Preloading 0 native plugins for Editor in 0.00 ms.
Unloading 3369 Unused Serialized files (Serialized files now loaded: 0)
System memory in use before: 131.9 MB.
System memory in use after: 132.0 MB.

Unloading 16 unused Assets to reduce memory usage. Loaded Objects now: 3897.
Total: 2.646600 ms (FindLiveObjects: 0.268700 ms CreateObjectMapping: 0.137200 ms MarkObjects: 2.151100 ms  DeleteObjects: 0.088700 ms)

========================================================================
Received Prepare
Registering precompiled user dll's ...
Registered in 0.003104 seconds.
Begin MonoManager ReloadAssembly
Symbol file LoadedFromMemory doesn't match image C:\Users\aps26\Desktop\GMTK\NewKayak\Kayak\Kayak2021\Library\PackageCache\com.unity.visualscripting@1.6.1\Editor\VisualScripting.Core\Dependencies\YamlDotNet\Unity.VisualScripting.YamlDotNet.dll
Symbol file LoadedFromMemory doesn't match image C:\Users\aps26\Desktop\GMTK\NewKayak\Kayak\Kayak2021\Library\PackageCache\com.unity.visualscripting@1.6.1\Editor\VisualScripting.Core\Dependencies\DotNetZip\Unity.VisualScripting.IonicZip.dll
Native extension for WindowsStandalone target not found
Native extension for WebGL target not found
Refreshing native plugins compatible for Editor in 0.63 ms, found 2 plugins.
Preloading 0 native plugins for Editor in 0.00 ms.
Mono: successfully reloaded assembly
- Completed reload, in  1.010 seconds
Platform modules already initialized, skipping
Refreshing native plugins compatible for Editor in 0.61 ms, found 2 plugins.
Preloading 0 native plugins for Editor in 0.00 ms.
Unloading 3369 Unused Serialized files (Serialized files now loaded: 0)
System memory in use before: 131.9 MB.
System memory in use after: 132.0 MB.

Unloading 16 unused Assets to reduce memory usage. Loaded Objects now: 3901.
Total: 2.752200 ms (FindLiveObjects: 0.248200 ms CreateObjectMapping: 0.154800 ms MarkObjects: 2.205600 ms  DeleteObjects: 0.142600 ms)

========================================================================
Received Prepare
Registering precompiled user dll's ...
Registered in 0.003226 seconds.
Begin MonoManager ReloadAssembly
Symbol file LoadedFromMemory doesn't match image C:\Users\aps26\Desktop\GMTK\NewKayak\Kayak\Kayak2021\Library\PackageCache\com.unity.visualscripting@1.6.1\Editor\VisualScripting.Core\Dependencies\YamlDotNet\Unity.VisualScripting.YamlDotNet.dll
Symbol file LoadedFromMemory doesn't match image C:\Users\aps26\Desktop\GMTK\NewKayak\Kayak\Kayak2021\Library\PackageCache\com.unity.visualscripting@1.6.1\Editor\VisualScripting.Core\Dependencies\DotNetZip\Unity.VisualScripting.IonicZip.dll
Native extension for WindowsStandalone target not found
Native extension for WebGL target not found
Refreshing native plugins compatible for Editor in 0.64 ms, found 2 plugins.
Preloading 0 native plugins for Editor in 0.00 ms.
Mono: successfully reloaded assembly
- Completed reload, in  1.003 seconds
Platform modules already initialized, skipping
Refreshing native plugins compatible for Editor in 0.65 ms, found 2 plugins.
Preloading 0 native plugins for Editor in 0.00 ms.
Unloading 3369 Unused Serialized files (Serialized files now loaded: 0)
System memory in use before: 132.0 MB.
System memory in use after: 132.1 MB.

Unloading 16 unused Assets to reduce memory usage. Loaded Objects now: 3905.
Total: 2.741300 ms (FindLiveObjects: 0.266600 ms CreateObjectMapping: 0.130800 ms MarkObjects: 2.251700 ms  DeleteObjects: 0.091400 ms)

========================================================================
Received Prepare
Registering precompiled user dll's ...
Registered in 0.003381 seconds.
Begin MonoManager ReloadAssembly
Symbol file LoadedFromMemory doesn't match image C:\Users\aps26\Desktop\GMTK\NewKayak\Kayak\Kayak2021\Library\PackageCache\com.unity.visualscripting@1.6.1\Editor\VisualScripting.Core\Dependencies\YamlDotNet\Unity.VisualScripting.YamlDotNet.dll
Symbol file LoadedFromMemory doesn't match image C:\Users\aps26\Desktop\GMTK\NewKayak\Kayak\Kayak2021\Library\PackageCache\com.unity.visualscripting@1.6.1\Editor\VisualScripting.Core\Dependencies\DotNetZip\Unity.VisualScripting.IonicZip.dll
Native extension for WindowsStandalone target not found
Native extension for WebGL target not found
Refreshing native plugins compatible for Editor in 0.64 ms, found 2 plugins.
Preloading 0 native plugins for Editor in 0.00 ms.
Mono: successfully reloaded assembly
- Completed reload, in  1.012 seconds
Platform modules already initialized, skipping
Refreshing native plugins compatible for Editor in 0.63 ms, found 2 plugins.
Preloading 0 native plugins for Editor in 0.00 ms.
Unloading 3369 Unused Serialized files (Serialized files now loaded: 0)
System memory in use before: 132.0 MB.
System memory in use after: 132.1 MB.

Unloading 16 unused Assets to reduce memory usage. Loaded Objects now: 3909.
Total: 3.065600 ms (FindLiveObjects: 0.304100 ms CreateObjectMapping: 0.164600 ms MarkObjects: 2.487700 ms  DeleteObjects: 0.107700 ms)

========================================================================
Received Import Request.
  Time since last request: 704.202696 seconds.
  path: Assets/Prefabs/Bullet.prefab
  artifactKey: Guid(8b9cc822947b68c499df8d906bddf93c) Importer(815301076,1909f56bfc062723c751e8b465ee728b)
Start importing Assets/Prefabs/Bullet.prefab using Guid(8b9cc822947b68c499df8d906bddf93c) Importer(815301076,1909f56bfc062723c751e8b465ee728b)  -> (artifact id: '4e24e66bdc301e3bbef7f22aa9d9b6e1') in 0.066131 seconds 
========================================================================
Received Import Request.
  Time since last request: 83.871372 seconds.
  path: ProjectSettings/TagManager.asset
  artifactKey: Guid(00000000000000003000000000000000) Importer(815301076,1909f56bfc062723c751e8b465ee728b)
Start importing ProjectSettings/TagManager.asset using Guid(00000000000000003000000000000000) Importer(815301076,1909f56bfc062723c751e8b465ee728b)  -> (artifact id: '95df672b4aaba54310d34c83eef51bb8') in 0.019917 seconds 
========================================================================
Received Prepare
Registering precompiled user dll's ...
Registered in 0.003122 seconds.
Begin MonoManager ReloadAssembly
Symbol file LoadedFromMemory doesn't match image C:\Users\aps26\Desktop\GMTK\NewKayak\Kayak\Kayak2021\Library\PackageCache\com.unity.visualscripting@1.6.1\Editor\VisualScripting.Core\Dependencies\YamlDotNet\Unity.VisualScripting.YamlDotNet.dll
Symbol file LoadedFromMemory doesn't match image C:\Users\aps26\Desktop\GMTK\NewKayak\Kayak\Kayak2021\Library\PackageCache\com.unity.visualscripting@1.6.1\Editor\VisualScripting.Core\Dependencies\DotNetZip\Unity.VisualScripting.IonicZip.dll
Native extension for WindowsStandalone target not found
Native extension for WebGL target not found
Refreshing native plugins compatible for Editor in 0.65 ms, found 2 plugins.
Preloading 0 native plugins for Editor in 0.00 ms.
Mono: successfully reloaded assembly
- Completed reload, in  1.041 seconds
Platform modules already initialized, skipping
Refreshing native plugins compatible for Editor in 0.62 ms, found 2 plugins.
Preloading 0 native plugins for Editor in 0.00 ms.
Unloading 3369 Unused Serialized files (Serialized files now loaded: 0)
System memory in use before: 132.0 MB.
System memory in use after: 132.1 MB.

Unloading 19 unused Assets to reduce memory usage. Loaded Objects now: 3914.
Total: 2.688700 ms (FindLiveObjects: 0.292800 ms CreateObjectMapping: 0.169900 ms MarkObjects: 2.105800 ms  DeleteObjects: 0.119100 ms)

========================================================================
Received Prepare
Registering precompiled user dll's ...
Registered in 0.003073 seconds.
Begin MonoManager ReloadAssembly
Symbol file LoadedFromMemory doesn't match image C:\Users\aps26\Desktop\GMTK\NewKayak\Kayak\Kayak2021\Library\PackageCache\com.unity.visualscripting@1.6.1\Editor\VisualScripting.Core\Dependencies\YamlDotNet\Unity.VisualScripting.YamlDotNet.dll
Symbol file LoadedFromMemory doesn't match image C:\Users\aps26\Desktop\GMTK\NewKayak\Kayak\Kayak2021\Library\PackageCache\com.unity.visualscripting@1.6.1\Editor\VisualScripting.Core\Dependencies\DotNetZip\Unity.VisualScripting.IonicZip.dll
Native extension for WindowsStandalone target not found
Native extension for WebGL target not found
Refreshing native plugins compatible for Editor in 0.66 ms, found 2 plugins.
Preloading 0 native plugins for Editor in 0.00 ms.
Mono: successfully reloaded assembly
- Completed reload, in  1.014 seconds
Platform modules already initialized, skipping
Refreshing native plugins compatible for Editor in 0.61 ms, found 2 plugins.
Preloading 0 native plugins for Editor in 0.00 ms.
Unloading 3369 Unused Serialized files (Serialized files now loaded: 0)
System memory in use before: 132.0 MB.
System memory in use after: 132.1 MB.

Unloading 16 unused Assets to reduce memory usage. Loaded Objects now: 3918.
Total: 2.849700 ms (FindLiveObjects: 0.274500 ms CreateObjectMapping: 0.174800 ms MarkObjects: 2.304800 ms  DeleteObjects: 0.094300 ms)

========================================================================
Received Import Request.
  Time since last request: 126.925352 seconds.
  path: Assets/Prefabs/Bullet.prefab
  artifactKey: Guid(8b9cc822947b68c499df8d906bddf93c) Importer(815301076,1909f56bfc062723c751e8b465ee728b)
Start importing Assets/Prefabs/Bullet.prefab using Guid(8b9cc822947b68c499df8d906bddf93c) Importer(815301076,1909f56bfc062723c751e8b465ee728b)  -> (artifact id: 'a90e1897bc66a87fd6d54f6c4a6ee9dd') in 0.065022 seconds 
========================================================================
Received Prepare
Registering precompiled user dll's ...
Registered in 0.003150 seconds.
Begin MonoManager ReloadAssembly
Symbol file LoadedFromMemory doesn't match image C:\Users\aps26\Desktop\GMTK\NewKayak\Kayak\Kayak2021\Library\PackageCache\com.unity.visualscripting@1.6.1\Editor\VisualScripting.Core\Dependencies\YamlDotNet\Unity.VisualScripting.YamlDotNet.dll
Symbol file LoadedFromMemory doesn't match image C:\Users\aps26\Desktop\GMTK\NewKayak\Kayak\Kayak2021\Library\PackageCache\com.unity.visualscripting@1.6.1\Editor\VisualScripting.Core\Dependencies\DotNetZip\Unity.VisualScripting.IonicZip.dll
Native extension for WindowsStandalone target not found
Native extension for WebGL target not found
Refreshing native plugins compatible for Editor in 0.66 ms, found 2 plugins.
Preloading 0 native plugins for Editor in 0.00 ms.
Mono: successfully reloaded assembly
- Completed reload, in  1.002 seconds
Platform modules already initialized, skipping
Refreshing native plugins compatible for Editor in 0.63 ms, found 2 plugins.
Preloading 0 native plugins for Editor in 0.00 ms.
Unloading 3369 Unused Serialized files (Serialized files now loaded: 0)
System memory in use before: 132.0 MB.
System memory in use after: 132.1 MB.

Unloading 18 unused Assets to reduce memory usage. Loaded Objects now: 3923.
Total: 2.682500 ms (FindLiveObjects: 0.278500 ms CreateObjectMapping: 0.151100 ms MarkObjects: 2.129300 ms  DeleteObjects: 0.122700 ms)

========================================================================
Received Import Request.
  Time since last request: 126.955180 seconds.
  path: ProjectSettings/TagManager.asset
  artifactKey: Guid(00000000000000003000000000000000) Importer(815301076,1909f56bfc062723c751e8b465ee728b)
Start importing ProjectSettings/TagManager.asset using Guid(00000000000000003000000000000000) Importer(815301076,1909f56bfc062723c751e8b465ee728b)  -> (artifact id: 'e0674d52f38f4debbf6ea5304eb54b90') in 0.028274 seconds 
========================================================================
Received Import Request.
  Time since last request: 8.472993 seconds.
  path: Assets/Prefabs/Bullet.prefab
  artifactKey: Guid(8b9cc822947b68c499df8d906bddf93c) Importer(815301076,1909f56bfc062723c751e8b465ee728b)
Start importing Assets/Prefabs/Bullet.prefab using Guid(8b9cc822947b68c499df8d906bddf93c) Importer(815301076,1909f56bfc062723c751e8b465ee728b)  -> (artifact id: '2f8b623d3d036eb7f1f9ae9d00b588c1') in 0.057541 seconds 
========================================================================
Received Import Request.
  Time since last request: 31.490611 seconds.
  path: Assets/Scripts/DestroyBullet.cs
  artifactKey: Guid(5bd03b9cb0e3de5499f173caa97b5d82) Importer(815301076,1909f56bfc062723c751e8b465ee728b)
Start importing Assets/Scripts/DestroyBullet.cs using Guid(5bd03b9cb0e3de5499f173caa97b5d82) Importer(815301076,1909f56bfc062723c751e8b465ee728b)  -> (artifact id: 'ec771483de699ce10d294cb7325bdb49') in 0.002151 seconds 
========================================================================
Received Prepare
Registering precompiled user dll's ...
Registered in 0.003249 seconds.
Begin MonoManager ReloadAssembly
Symbol file LoadedFromMemory doesn't match image C:\Users\aps26\Desktop\GMTK\NewKayak\Kayak\Kayak2021\Library\PackageCache\com.unity.visualscripting@1.6.1\Editor\VisualScripting.Core\Dependencies\YamlDotNet\Unity.VisualScripting.YamlDotNet.dll
Symbol file LoadedFromMemory doesn't match image C:\Users\aps26\Desktop\GMTK\NewKayak\Kayak\Kayak2021\Library\PackageCache\com.unity.visualscripting@1.6.1\Editor\VisualScripting.Core\Dependencies\DotNetZip\Unity.VisualScripting.IonicZip.dll
Native extension for WindowsStandalone target not found
Native extension for WebGL target not found
Refreshing native plugins compatible for Editor in 0.64 ms, found 2 plugins.
Preloading 0 native plugins for Editor in 0.00 ms.
Mono: successfully reloaded assembly
- Completed reload, in  1.000 seconds
Platform modules already initialized, skipping
Refreshing native plugins compatible for Editor in 0.65 ms, found 2 plugins.
Preloading 0 native plugins for Editor in 0.00 ms.
Unloading 3370 Unused Serialized files (Serialized files now loaded: 0)
System memory in use before: 132.0 MB.
System memory in use after: 132.1 MB.

Unloading 19 unused Assets to reduce memory usage. Loaded Objects now: 3929.
Total: 2.852600 ms (FindLiveObjects: 0.272400 ms CreateObjectMapping: 0.132400 ms MarkObjects: 2.307600 ms  DeleteObjects: 0.139300 ms)

========================================================================
Received Import Request.
  Time since last request: 29.954057 seconds.
  path: Assets/Scripts/DestroyBullet.cs
  artifactKey: Guid(5bd03b9cb0e3de5499f173caa97b5d82) Importer(815301076,1909f56bfc062723c751e8b465ee728b)
Start importing Assets/Scripts/DestroyBullet.cs using Guid(5bd03b9cb0e3de5499f173caa97b5d82) Importer(815301076,1909f56bfc062723c751e8b465ee728b)  -> (artifact id: '87e02a3750282b118cb6a6618aa3aec3') in 0.005166 seconds 
========================================================================
Received Prepare
Registering precompiled user dll's ...
Registered in 0.003173 seconds.
Begin MonoManager ReloadAssembly
Symbol file LoadedFromMemory doesn't match image C:\Users\aps26\Desktop\GMTK\NewKayak\Kayak\Kayak2021\Library\PackageCache\com.unity.visualscripting@1.6.1\Editor\VisualScripting.Core\Dependencies\YamlDotNet\Unity.VisualScripting.YamlDotNet.dll
Symbol file LoadedFromMemory doesn't match image C:\Users\aps26\Desktop\GMTK\NewKayak\Kayak\Kayak2021\Library\PackageCache\com.unity.visualscripting@1.6.1\Editor\VisualScripting.Core\Dependencies\DotNetZip\Unity.VisualScripting.IonicZip.dll
Native extension for WindowsStandalone target not found
Native extension for WebGL target not found
Refreshing native plugins compatible for Editor in 0.68 ms, found 2 plugins.
Preloading 0 native plugins for Editor in 0.00 ms.
Mono: successfully reloaded assembly
- Completed reload, in  1.022 seconds
Platform modules already initialized, skipping
Refreshing native plugins compatible for Editor in 0.63 ms, found 2 plugins.
Preloading 0 native plugins for Editor in 0.00 ms.
Unloading 3370 Unused Serialized files (Serialized files now loaded: 0)
System memory in use before: 132.0 MB.
System memory in use after: 132.1 MB.

Unloading 16 unused Assets to reduce memory usage. Loaded Objects now: 3933.
Total: 2.606000 ms (FindLiveObjects: 0.273700 ms CreateObjectMapping: 0.133200 ms MarkObjects: 2.107700 ms  DeleteObjects: 0.090500 ms)

========================================================================
Received Prepare
Registering precompiled user dll's ...
Registered in 0.002892 seconds.
Begin MonoManager ReloadAssembly
Symbol file LoadedFromMemory doesn't match image C:\Users\aps26\Desktop\GMTK\NewKayak\Kayak\Kayak2021\Library\PackageCache\com.unity.visualscripting@1.6.1\Editor\VisualScripting.Core\Dependencies\YamlDotNet\Unity.VisualScripting.YamlDotNet.dll
Symbol file LoadedFromMemory doesn't match image C:\Users\aps26\Desktop\GMTK\NewKayak\Kayak\Kayak2021\Library\PackageCache\com.unity.visualscripting@1.6.1\Editor\VisualScripting.Core\Dependencies\DotNetZip\Unity.VisualScripting.IonicZip.dll
Native extension for WindowsStandalone target not found
Native extension for WebGL target not found
Refreshing native plugins compatible for Editor in 0.63 ms, found 2 plugins.
Preloading 0 native plugins for Editor in 0.00 ms.
Mono: successfully reloaded assembly
- Completed reload, in  1.017 seconds
Platform modules already initialized, skipping
Refreshing native plugins compatible for Editor in 0.64 ms, found 2 plugins.
Preloading 0 native plugins for Editor in 0.00 ms.
Unloading 3370 Unused Serialized files (Serialized files now loaded: 0)
System memory in use before: 132.0 MB.
System memory in use after: 132.1 MB.

Unloading 16 unused Assets to reduce memory usage. Loaded Objects now: 3937.
Total: 2.892900 ms (FindLiveObjects: 0.406800 ms CreateObjectMapping: 0.213300 ms MarkObjects: 2.180000 ms  DeleteObjects: 0.092000 ms)

========================================================================
Received Prepare
Registering precompiled user dll's ...
Registered in 0.003049 seconds.
Begin MonoManager ReloadAssembly
Symbol file LoadedFromMemory doesn't match image C:\Users\aps26\Desktop\GMTK\NewKayak\Kayak\Kayak2021\Library\PackageCache\com.unity.visualscripting@1.6.1\Editor\VisualScripting.Core\Dependencies\YamlDotNet\Unity.VisualScripting.YamlDotNet.dll
Symbol file LoadedFromMemory doesn't match image C:\Users\aps26\Desktop\GMTK\NewKayak\Kayak\Kayak2021\Library\PackageCache\com.unity.visualscripting@1.6.1\Editor\VisualScripting.Core\Dependencies\DotNetZip\Unity.VisualScripting.IonicZip.dll
Native extension for WindowsStandalone target not found
Native extension for WebGL target not found
Refreshing native plugins compatible for Editor in 1.04 ms, found 2 plugins.
Preloading 0 native plugins for Editor in 0.00 ms.
Mono: successfully reloaded assembly
- Completed reload, in  1.044 seconds
Platform modules already initialized, skipping
Refreshing native plugins compatible for Editor in 0.62 ms, found 2 plugins.
Preloading 0 native plugins for Editor in 0.00 ms.
Unloading 3370 Unused Serialized files (Serialized files now loaded: 0)
System memory in use before: 132.0 MB.
System memory in use after: 132.1 MB.

Unloading 16 unused Assets to reduce memory usage. Loaded Objects now: 3941.
Total: 2.663700 ms (FindLiveObjects: 0.278500 ms CreateObjectMapping: 0.144100 ms MarkObjects: 2.141200 ms  DeleteObjects: 0.099300 ms)

========================================================================
Received Prepare
Registering precompiled user dll's ...
Registered in 0.003156 seconds.
Begin MonoManager ReloadAssembly
Symbol file LoadedFromMemory doesn't match image C:\Users\aps26\Desktop\GMTK\NewKayak\Kayak\Kayak2021\Library\PackageCache\com.unity.visualscripting@1.6.1\Editor\VisualScripting.Core\Dependencies\YamlDotNet\Unity.VisualScripting.YamlDotNet.dll
Symbol file LoadedFromMemory doesn't match image C:\Users\aps26\Desktop\GMTK\NewKayak\Kayak\Kayak2021\Library\PackageCache\com.unity.visualscripting@1.6.1\Editor\VisualScripting.Core\Dependencies\DotNetZip\Unity.VisualScripting.IonicZip.dll
Native extension for WindowsStandalone target not found
Native extension for WebGL target not found
Refreshing native plugins compatible for Editor in 0.63 ms, found 2 plugins.
Preloading 0 native plugins for Editor in 0.00 ms.
Mono: successfully reloaded assembly
- Completed reload, in  1.064 seconds
Platform modules already initialized, skipping
Refreshing native plugins compatible for Editor in 0.65 ms, found 2 plugins.
Preloading 0 native plugins for Editor in 0.00 ms.
Unloading 3370 Unused Serialized files (Serialized files now loaded: 0)
System memory in use before: 132.1 MB.
System memory in use after: 132.2 MB.

Unloading 16 unused Assets to reduce memory usage. Loaded Objects now: 3945.
Total: 3.083000 ms (FindLiveObjects: 0.413400 ms CreateObjectMapping: 0.250000 ms MarkObjects: 2.314500 ms  DeleteObjects: 0.104100 ms)

========================================================================
Received Prepare
Registering precompiled user dll's ...
Registered in 0.003419 seconds.
Begin MonoManager ReloadAssembly
Symbol file LoadedFromMemory doesn't match image C:\Users\aps26\Desktop\GMTK\NewKayak\Kayak\Kayak2021\Library\PackageCache\com.unity.visualscripting@1.6.1\Editor\VisualScripting.Core\Dependencies\YamlDotNet\Unity.VisualScripting.YamlDotNet.dll
Symbol file LoadedFromMemory doesn't match image C:\Users\aps26\Desktop\GMTK\NewKayak\Kayak\Kayak2021\Library\PackageCache\com.unity.visualscripting@1.6.1\Editor\VisualScripting.Core\Dependencies\DotNetZip\Unity.VisualScripting.IonicZip.dll
Native extension for WindowsStandalone target not found
Native extension for WebGL target not found
Refreshing native plugins compatible for Editor in 0.62 ms, found 2 plugins.
Preloading 0 native plugins for Editor in 0.00 ms.
Mono: successfully reloaded assembly
- Completed reload, in  1.033 seconds
Platform modules already initialized, skipping
Refreshing native plugins compatible for Editor in 0.60 ms, found 2 plugins.
Preloading 0 native plugins for Editor in 0.00 ms.
Unloading 3370 Unused Serialized files (Serialized files now loaded: 0)
System memory in use before: 132.1 MB.
System memory in use after: 132.2 MB.

Unloading 16 unused Assets to reduce memory usage. Loaded Objects now: 3949.
Total: 2.647600 ms (FindLiveObjects: 0.273700 ms CreateObjectMapping: 0.150600 ms MarkObjects: 2.130500 ms  DeleteObjects: 0.092100 ms)

========================================================================
Received Prepare
Registering precompiled user dll's ...
Registered in 0.003098 seconds.
Begin MonoManager ReloadAssembly
Symbol file LoadedFromMemory doesn't match image C:\Users\aps26\Desktop\GMTK\NewKayak\Kayak\Kayak2021\Library\PackageCache\com.unity.visualscripting@1.6.1\Editor\VisualScripting.Core\Dependencies\YamlDotNet\Unity.VisualScripting.YamlDotNet.dll
Symbol file LoadedFromMemory doesn't match image C:\Users\aps26\Desktop\GMTK\NewKayak\Kayak\Kayak2021\Library\PackageCache\com.unity.visualscripting@1.6.1\Editor\VisualScripting.Core\Dependencies\DotNetZip\Unity.VisualScripting.IonicZip.dll
Native extension for WindowsStandalone target not found
Native extension for WebGL target not found
Refreshing native plugins compatible for Editor in 0.63 ms, found 2 plugins.
Preloading 0 native plugins for Editor in 0.00 ms.
Mono: successfully reloaded assembly
- Completed reload, in  1.020 seconds
Platform modules already initialized, skipping
Refreshing native plugins compatible for Editor in 0.62 ms, found 2 plugins.
Preloading 0 native plugins for Editor in 0.00 ms.
Unloading 3370 Unused Serialized files (Serialized files now loaded: 0)
System memory in use before: 132.1 MB.
System memory in use after: 132.2 MB.

Unloading 16 unused Assets to reduce memory usage. Loaded Objects now: 3953.
Total: 2.653000 ms (FindLiveObjects: 0.281500 ms CreateObjectMapping: 0.139600 ms MarkObjects: 2.137900 ms  DeleteObjects: 0.093100 ms)

========================================================================
Received Import Request.
  Time since last request: 627.596614 seconds.
  path: Assets/Prefabs/Kayak.prefab
  artifactKey: Guid(9e0cd5a2a3c6c8c4a9913c034685e3bd) Importer(815301076,1909f56bfc062723c751e8b465ee728b)
Start importing Assets/Prefabs/Kayak.prefab using Guid(9e0cd5a2a3c6c8c4a9913c034685e3bd) Importer(815301076,1909f56bfc062723c751e8b465ee728b)  -> (artifact id: '7cd25130de86542ee7d2185ae230331f') in 0.055282 seconds 
========================================================================
Received Import Request.
  Time since last request: 154.811814 seconds.
  path: ProjectSettings/TagManager.asset
  artifactKey: Guid(00000000000000003000000000000000) Importer(815301076,1909f56bfc062723c751e8b465ee728b)
Start importing ProjectSettings/TagManager.asset using Guid(00000000000000003000000000000000) Importer(815301076,1909f56bfc062723c751e8b465ee728b)  -> (artifact id: 'bebab422343aae342d8acd17e4994c60') in 0.006892 seconds 
========================================================================
Received Prepare
Registering precompiled user dll's ...
Registered in 0.003181 seconds.
Begin MonoManager ReloadAssembly
Symbol file LoadedFromMemory doesn't match image C:\Users\aps26\Desktop\GMTK\NewKayak\Kayak\Kayak2021\Library\PackageCache\com.unity.visualscripting@1.6.1\Editor\VisualScripting.Core\Dependencies\YamlDotNet\Unity.VisualScripting.YamlDotNet.dll
Symbol file LoadedFromMemory doesn't match image C:\Users\aps26\Desktop\GMTK\NewKayak\Kayak\Kayak2021\Library\PackageCache\com.unity.visualscripting@1.6.1\Editor\VisualScripting.Core\Dependencies\DotNetZip\Unity.VisualScripting.IonicZip.dll
Native extension for WindowsStandalone target not found
Native extension for WebGL target not found
Refreshing native plugins compatible for Editor in 0.64 ms, found 2 plugins.
Preloading 0 native plugins for Editor in 0.00 ms.
Mono: successfully reloaded assembly
- Completed reload, in  1.039 seconds
Platform modules already initialized, skipping
Refreshing native plugins compatible for Editor in 0.73 ms, found 2 plugins.
Preloading 0 native plugins for Editor in 0.00 ms.
Unloading 3370 Unused Serialized files (Serialized files now loaded: 0)
System memory in use before: 132.1 MB.
System memory in use after: 132.2 MB.

Unloading 21 unused Assets to reduce memory usage. Loaded Objects now: 3958.
Total: 2.638700 ms (FindLiveObjects: 0.287300 ms CreateObjectMapping: 0.139900 ms MarkObjects: 2.060900 ms  DeleteObjects: 0.149800 ms)

========================================================================
Received Import Request.
  Time since last request: 297.099140 seconds.
  path: Assets/Prefabs/Kayak.prefab
  artifactKey: Guid(9e0cd5a2a3c6c8c4a9913c034685e3bd) Importer(815301076,1909f56bfc062723c751e8b465ee728b)
Start importing Assets/Prefabs/Kayak.prefab using Guid(9e0cd5a2a3c6c8c4a9913c034685e3bd) Importer(815301076,1909f56bfc062723c751e8b465ee728b)  -> (artifact id: '38f62fedeb3d0741b41494280d42e49c') in 0.053828 seconds 
========================================================================
Received Prepare
Registering precompiled user dll's ...
Registered in 0.003162 seconds.
Begin MonoManager ReloadAssembly
Symbol file LoadedFromMemory doesn't match image C:\Users\aps26\Desktop\GMTK\NewKayak\Kayak\Kayak2021\Library\PackageCache\com.unity.visualscripting@1.6.1\Editor\VisualScripting.Core\Dependencies\YamlDotNet\Unity.VisualScripting.YamlDotNet.dll
Symbol file LoadedFromMemory doesn't match image C:\Users\aps26\Desktop\GMTK\NewKayak\Kayak\Kayak2021\Library\PackageCache\com.unity.visualscripting@1.6.1\Editor\VisualScripting.Core\Dependencies\DotNetZip\Unity.VisualScripting.IonicZip.dll
Native extension for WindowsStandalone target not found
Native extension for WebGL target not found
Refreshing native plugins compatible for Editor in 0.72 ms, found 2 plugins.
Preloading 0 native plugins for Editor in 0.00 ms.
Mono: successfully reloaded assembly
- Completed reload, in  1.034 seconds
Platform modules already initialized, skipping
Refreshing native plugins compatible for Editor in 0.61 ms, found 2 plugins.
Preloading 0 native plugins for Editor in 0.00 ms.
Unloading 3370 Unused Serialized files (Serialized files now loaded: 0)
System memory in use before: 132.1 MB.
System memory in use after: 132.2 MB.

Unloading 20 unused Assets to reduce memory usage. Loaded Objects now: 3963.
Total: 2.774100 ms (FindLiveObjects: 0.273900 ms CreateObjectMapping: 0.158500 ms MarkObjects: 2.195300 ms  DeleteObjects: 0.145200 ms)

========================================================================
Received Import Request.
  Time since last request: 342.423596 seconds.
  path: Assets/Prefabs/Kayak.prefab
  artifactKey: Guid(9e0cd5a2a3c6c8c4a9913c034685e3bd) Importer(815301076,1909f56bfc062723c751e8b465ee728b)
Start importing Assets/Prefabs/Kayak.prefab using Guid(9e0cd5a2a3c6c8c4a9913c034685e3bd) Importer(815301076,1909f56bfc062723c751e8b465ee728b)  -> (artifact id: '9d7536f4f9d001dced71ef8d0ef72374') in 0.053869 seconds 
========================================================================
Received Prepare
Registering precompiled user dll's ...
Registered in 0.003127 seconds.
Begin MonoManager ReloadAssembly
Symbol file LoadedFromMemory doesn't match image C:\Users\aps26\Desktop\GMTK\NewKayak\Kayak\Kayak2021\Library\PackageCache\com.unity.visualscripting@1.6.1\Editor\VisualScripting.Core\Dependencies\YamlDotNet\Unity.VisualScripting.YamlDotNet.dll
Symbol file LoadedFromMemory doesn't match image C:\Users\aps26\Desktop\GMTK\NewKayak\Kayak\Kayak2021\Library\PackageCache\com.unity.visualscripting@1.6.1\Editor\VisualScripting.Core\Dependencies\DotNetZip\Unity.VisualScripting.IonicZip.dll
Native extension for WindowsStandalone target not found
Native extension for WebGL target not found
Refreshing native plugins compatible for Editor in 0.67 ms, found 2 plugins.
Preloading 0 native plugins for Editor in 0.00 ms.
Mono: successfully reloaded assembly
- Completed reload, in  1.018 seconds
Platform modules already initialized, skipping
Refreshing native plugins compatible for Editor in 0.69 ms, found 2 plugins.
Preloading 0 native plugins for Editor in 0.00 ms.
Unloading 3370 Unused Serialized files (Serialized files now loaded: 0)
System memory in use before: 132.1 MB.
System memory in use after: 132.2 MB.

Unloading 20 unused Assets to reduce memory usage. Loaded Objects now: 3968.
Total: 2.835900 ms (FindLiveObjects: 0.311800 ms CreateObjectMapping: 0.153100 ms MarkObjects: 2.234800 ms  DeleteObjects: 0.135400 ms)

========================================================================
Received Import Request.
  Time since last request: 233.523595 seconds.
  path: Assets/Prefabs/Kayak.prefab
  artifactKey: Guid(9e0cd5a2a3c6c8c4a9913c034685e3bd) Importer(815301076,1909f56bfc062723c751e8b465ee728b)
Start importing Assets/Prefabs/Kayak.prefab using Guid(9e0cd5a2a3c6c8c4a9913c034685e3bd) Importer(815301076,1909f56bfc062723c751e8b465ee728b)  -> (artifact id: 'b7e2920b0462b961160c5697dd8f68c8') in 0.051772 seconds 
========================================================================
Received Prepare
Registering precompiled user dll's ...
Registered in 0.003134 seconds.
Begin MonoManager ReloadAssembly
Symbol file LoadedFromMemory doesn't match image C:\Users\aps26\Desktop\GMTK\NewKayak\Kayak\Kayak2021\Library\PackageCache\com.unity.visualscripting@1.6.1\Editor\VisualScripting.Core\Dependencies\YamlDotNet\Unity.VisualScripting.YamlDotNet.dll
Symbol file LoadedFromMemory doesn't match image C:\Users\aps26\Desktop\GMTK\NewKayak\Kayak\Kayak2021\Library\PackageCache\com.unity.visualscripting@1.6.1\Editor\VisualScripting.Core\Dependencies\DotNetZip\Unity.VisualScripting.IonicZip.dll
Native extension for WindowsStandalone target not found
Native extension for WebGL target not found
Refreshing native plugins compatible for Editor in 0.62 ms, found 2 plugins.
Preloading 0 native plugins for Editor in 0.00 ms.
Mono: successfully reloaded assembly
- Completed reload, in  1.063 seconds
Platform modules already initialized, skipping
Refreshing native plugins compatible for Editor in 0.62 ms, found 2 plugins.
Preloading 0 native plugins for Editor in 0.00 ms.
Unloading 3370 Unused Serialized files (Serialized files now loaded: 0)
System memory in use before: 132.1 MB.
System memory in use after: 132.2 MB.

Unloading 20 unused Assets to reduce memory usage. Loaded Objects now: 3973.
Total: 2.732200 ms (FindLiveObjects: 0.285500 ms CreateObjectMapping: 0.153100 ms MarkObjects: 2.157400 ms  DeleteObjects: 0.135200 ms)

========================================================================
Received Import Request.
  Time since last request: 82.863593 seconds.
  path: Assets/Prefabs/DestructableWall.prefab
  artifactKey: Guid(196ac6d9a98f9be49b68dc99edc6ac14) Importer(815301076,1909f56bfc062723c751e8b465ee728b)
Start importing Assets/Prefabs/DestructableWall.prefab using Guid(196ac6d9a98f9be49b68dc99edc6ac14) Importer(815301076,1909f56bfc062723c751e8b465ee728b)  -> (artifact id: '2d6c4feff086628ccb8e871020773fbe') in 0.063310 seconds 
========================================================================
Received Import Request.
  Time since last request: 39.556111 seconds.
  path: Assets/Prefabs/DestructableWall.prefab
  artifactKey: Guid(196ac6d9a98f9be49b68dc99edc6ac14) Importer(815301076,1909f56bfc062723c751e8b465ee728b)
Start importing Assets/Prefabs/DestructableWall.prefab using Guid(196ac6d9a98f9be49b68dc99edc6ac14) Importer(815301076,1909f56bfc062723c751e8b465ee728b)  -> (artifact id: '9635fce60599e2912415b6418bd29ba1') in 0.009646 seconds 
========================================================================
Received Import Request.
  Time since last request: 11.251794 seconds.
  path: Assets/Scripts/DestroyBullet1.cs
  artifactKey: Guid(cfbcd4b89327b194ab6fc72291321b75) Importer(815301076,1909f56bfc062723c751e8b465ee728b)
Start importing Assets/Scripts/DestroyBullet1.cs using Guid(cfbcd4b89327b194ab6fc72291321b75) Importer(815301076,1909f56bfc062723c751e8b465ee728b)  -> (artifact id: 'e66e2fbbd17893b50a4a846298b1d5cd') in 0.003912 seconds 
========================================================================
Received Import Request.
  Time since last request: 8.044214 seconds.
  path: Assets/Scripts/DestructableWall.cs
  artifactKey: Guid(cfbcd4b89327b194ab6fc72291321b75) Importer(815301076,1909f56bfc062723c751e8b465ee728b)
Start importing Assets/Scripts/DestructableWall.cs using Guid(cfbcd4b89327b194ab6fc72291321b75) Importer(815301076,1909f56bfc062723c751e8b465ee728b)  -> (artifact id: 'cb960f31b3f3de4b5d345e37f638e193') in 0.001940 seconds 
========================================================================
Received Prepare
Registering precompiled user dll's ...
Registered in 0.003222 seconds.
Begin MonoManager ReloadAssembly
Symbol file LoadedFromMemory doesn't match image C:\Users\aps26\Desktop\GMTK\NewKayak\Kayak\Kayak2021\Library\PackageCache\com.unity.visualscripting@1.6.1\Editor\VisualScripting.Core\Dependencies\YamlDotNet\Unity.VisualScripting.YamlDotNet.dll
Symbol file LoadedFromMemory doesn't match image C:\Users\aps26\Desktop\GMTK\NewKayak\Kayak\Kayak2021\Library\PackageCache\com.unity.visualscripting@1.6.1\Editor\VisualScripting.Core\Dependencies\DotNetZip\Unity.VisualScripting.IonicZip.dll
Native extension for WindowsStandalone target not found
Native extension for WebGL target not found
Refreshing native plugins compatible for Editor in 0.64 ms, found 2 plugins.
Preloading 0 native plugins for Editor in 0.00 ms.
Mono: successfully reloaded assembly
- Completed reload, in  1.017 seconds
Platform modules already initialized, skipping
Refreshing native plugins compatible for Editor in 0.62 ms, found 2 plugins.
Preloading 0 native plugins for Editor in 0.00 ms.
Unloading 3371 Unused Serialized files (Serialized files now loaded: 0)
System memory in use before: 132.1 MB.
System memory in use after: 132.2 MB.

Unloading 16 unused Assets to reduce memory usage. Loaded Objects now: 3979.
Total: 2.613200 ms (FindLiveObjects: 0.284700 ms CreateObjectMapping: 0.138000 ms MarkObjects: 2.093600 ms  DeleteObjects: 0.095900 ms)

========================================================================
Received Import Request.
  Time since last request: 54.137751 seconds.
  path: Assets/Scripts/DestructableWall.cs
  artifactKey: Guid(cfbcd4b89327b194ab6fc72291321b75) Importer(815301076,1909f56bfc062723c751e8b465ee728b)
Start importing Assets/Scripts/DestructableWall.cs using Guid(cfbcd4b89327b194ab6fc72291321b75) Importer(815301076,1909f56bfc062723c751e8b465ee728b)  -> (artifact id: '5aa032f3ab1a7f5f8487f9fb07744762') in 0.005682 seconds 
========================================================================
Received Prepare
Registering precompiled user dll's ...
Registered in 0.004117 seconds.
Begin MonoManager ReloadAssembly
Symbol file LoadedFromMemory doesn't match image C:\Users\aps26\Desktop\GMTK\NewKayak\Kayak\Kayak2021\Library\PackageCache\com.unity.visualscripting@1.6.1\Editor\VisualScripting.Core\Dependencies\YamlDotNet\Unity.VisualScripting.YamlDotNet.dll
Symbol file LoadedFromMemory doesn't match image C:\Users\aps26\Desktop\GMTK\NewKayak\Kayak\Kayak2021\Library\PackageCache\com.unity.visualscripting@1.6.1\Editor\VisualScripting.Core\Dependencies\DotNetZip\Unity.VisualScripting.IonicZip.dll
Native extension for WindowsStandalone target not found
Native extension for WebGL target not found
Refreshing native plugins compatible for Editor in 0.65 ms, found 2 plugins.
Preloading 0 native plugins for Editor in 0.00 ms.
Mono: successfully reloaded assembly
- Completed reload, in  1.180 seconds
Platform modules already initialized, skipping
Refreshing native plugins compatible for Editor in 0.67 ms, found 2 plugins.
Preloading 0 native plugins for Editor in 0.00 ms.
Unloading 3371 Unused Serialized files (Serialized files now loaded: 0)
System memory in use before: 132.1 MB.
System memory in use after: 132.2 MB.

Unloading 16 unused Assets to reduce memory usage. Loaded Objects now: 3983.
Total: 3.082300 ms (FindLiveObjects: 0.300600 ms CreateObjectMapping: 0.157100 ms MarkObjects: 2.524300 ms  DeleteObjects: 0.099000 ms)

========================================================================
Received Prepare
Registering precompiled user dll's ...
Registered in 0.003097 seconds.
Begin MonoManager ReloadAssembly
Symbol file LoadedFromMemory doesn't match image C:\Users\aps26\Desktop\GMTK\NewKayak\Kayak\Kayak2021\Library\PackageCache\com.unity.visualscripting@1.6.1\Editor\VisualScripting.Core\Dependencies\YamlDotNet\Unity.VisualScripting.YamlDotNet.dll
Symbol file LoadedFromMemory doesn't match image C:\Users\aps26\Desktop\GMTK\NewKayak\Kayak\Kayak2021\Library\PackageCache\com.unity.visualscripting@1.6.1\Editor\VisualScripting.Core\Dependencies\DotNetZip\Unity.VisualScripting.IonicZip.dll
Native extension for WindowsStandalone target not found
Native extension for WebGL target not found
Refreshing native plugins compatible for Editor in 1.05 ms, found 2 plugins.
Preloading 0 native plugins for Editor in 0.00 ms.
Mono: successfully reloaded assembly
- Completed reload, in  1.018 seconds
Platform modules already initialized, skipping
Refreshing native plugins compatible for Editor in 0.60 ms, found 2 plugins.
Preloading 0 native plugins for Editor in 0.00 ms.
Unloading 3371 Unused Serialized files (Serialized files now loaded: 0)
System memory in use before: 132.1 MB.
System memory in use after: 132.2 MB.

Unloading 16 unused Assets to reduce memory usage. Loaded Objects now: 3987.
Total: 2.739700 ms (FindLiveObjects: 0.297300 ms CreateObjectMapping: 0.152700 ms MarkObjects: 2.193400 ms  DeleteObjects: 0.095300 ms)

========================================================================
Received Import Request.
  Time since last request: 76.270862 seconds.
  path: Assets/Scripts/DestructableWall.cs
  artifactKey: Guid(cfbcd4b89327b194ab6fc72291321b75) Importer(815301076,1909f56bfc062723c751e8b465ee728b)
Start importing Assets/Scripts/DestructableWall.cs using Guid(cfbcd4b89327b194ab6fc72291321b75) Importer(815301076,1909f56bfc062723c751e8b465ee728b)  -> (artifact id: '9cb749a87d2b654878833d614c9f2d36') in 0.005254 seconds 
========================================================================
Received Prepare
Registering precompiled user dll's ...
Registered in 0.003137 seconds.
Begin MonoManager ReloadAssembly
Symbol file LoadedFromMemory doesn't match image C:\Users\aps26\Desktop\GMTK\NewKayak\Kayak\Kayak2021\Library\PackageCache\com.unity.visualscripting@1.6.1\Editor\VisualScripting.Core\Dependencies\YamlDotNet\Unity.VisualScripting.YamlDotNet.dll
Symbol file LoadedFromMemory doesn't match image C:\Users\aps26\Desktop\GMTK\NewKayak\Kayak\Kayak2021\Library\PackageCache\com.unity.visualscripting@1.6.1\Editor\VisualScripting.Core\Dependencies\DotNetZip\Unity.VisualScripting.IonicZip.dll
Native extension for WindowsStandalone target not found
Native extension for WebGL target not found
Refreshing native plugins compatible for Editor in 0.66 ms, found 2 plugins.
Preloading 0 native plugins for Editor in 0.00 ms.
Mono: successfully reloaded assembly
- Completed reload, in  1.003 seconds
Platform modules already initialized, skipping
Refreshing native plugins compatible for Editor in 0.70 ms, found 2 plugins.
Preloading 0 native plugins for Editor in 0.00 ms.
Unloading 3371 Unused Serialized files (Serialized files now loaded: 0)
System memory in use before: 132.2 MB.
System memory in use after: 132.3 MB.

Unloading 16 unused Assets to reduce memory usage. Loaded Objects now: 3991.
Total: 2.688900 ms (FindLiveObjects: 0.296600 ms CreateObjectMapping: 0.152900 ms MarkObjects: 2.143400 ms  DeleteObjects: 0.094400 ms)

========================================================================
Received Prepare
Registering precompiled user dll's ...
Registered in 0.003078 seconds.
Begin MonoManager ReloadAssembly
Symbol file LoadedFromMemory doesn't match image C:\Users\aps26\Desktop\GMTK\NewKayak\Kayak\Kayak2021\Library\PackageCache\com.unity.visualscripting@1.6.1\Editor\VisualScripting.Core\Dependencies\YamlDotNet\Unity.VisualScripting.YamlDotNet.dll
Symbol file LoadedFromMemory doesn't match image C:\Users\aps26\Desktop\GMTK\NewKayak\Kayak\Kayak2021\Library\PackageCache\com.unity.visualscripting@1.6.1\Editor\VisualScripting.Core\Dependencies\DotNetZip\Unity.VisualScripting.IonicZip.dll
Native extension for WindowsStandalone target not found
Native extension for WebGL target not found
Refreshing native plugins compatible for Editor in 1.02 ms, found 2 plugins.
Preloading 0 native plugins for Editor in 0.00 ms.
Mono: successfully reloaded assembly
- Completed reload, in  0.999 seconds
Platform modules already initialized, skipping
Refreshing native plugins compatible for Editor in 0.64 ms, found 2 plugins.
Preloading 0 native plugins for Editor in 0.00 ms.
Unloading 3371 Unused Serialized files (Serialized files now loaded: 0)
System memory in use before: 132.2 MB.
System memory in use after: 132.3 MB.

Unloading 16 unused Assets to reduce memory usage. Loaded Objects now: 3995.
Total: 2.504400 ms (FindLiveObjects: 0.266700 ms CreateObjectMapping: 0.168700 ms MarkObjects: 1.976400 ms  DeleteObjects: 0.091400 ms)

========================================================================
Received Prepare
Registering precompiled user dll's ...
Registered in 0.003213 seconds.
Begin MonoManager ReloadAssembly
Symbol file LoadedFromMemory doesn't match image C:\Users\aps26\Desktop\GMTK\NewKayak\Kayak\Kayak2021\Library\PackageCache\com.unity.visualscripting@1.6.1\Editor\VisualScripting.Core\Dependencies\YamlDotNet\Unity.VisualScripting.YamlDotNet.dll
Symbol file LoadedFromMemory doesn't match image C:\Users\aps26\Desktop\GMTK\NewKayak\Kayak\Kayak2021\Library\PackageCache\com.unity.visualscripting@1.6.1\Editor\VisualScripting.Core\Dependencies\DotNetZip\Unity.VisualScripting.IonicZip.dll
Native extension for WindowsStandalone target not found
Native extension for WebGL target not found
Refreshing native plugins compatible for Editor in 0.83 ms, found 2 plugins.
Preloading 0 native plugins for Editor in 0.00 ms.
Mono: successfully reloaded assembly
- Completed reload, in  1.179 seconds
Platform modules already initialized, skipping
Refreshing native plugins compatible for Editor in 0.62 ms, found 2 plugins.
Preloading 0 native plugins for Editor in 0.00 ms.
Unloading 3371 Unused Serialized files (Serialized files now loaded: 0)
System memory in use before: 132.2 MB.
System memory in use after: 132.3 MB.

Unloading 16 unused Assets to reduce memory usage. Loaded Objects now: 3999.
Total: 2.712700 ms (FindLiveObjects: 0.279400 ms CreateObjectMapping: 0.141000 ms MarkObjects: 2.197600 ms  DeleteObjects: 0.093900 ms)

========================================================================
Received Prepare
Registering precompiled user dll's ...
Registered in 0.003277 seconds.
Begin MonoManager ReloadAssembly
Symbol file LoadedFromMemory doesn't match image C:\Users\aps26\Desktop\GMTK\NewKayak\Kayak\Kayak2021\Library\PackageCache\com.unity.visualscripting@1.6.1\Editor\VisualScripting.Core\Dependencies\YamlDotNet\Unity.VisualScripting.YamlDotNet.dll
Symbol file LoadedFromMemory doesn't match image C:\Users\aps26\Desktop\GMTK\NewKayak\Kayak\Kayak2021\Library\PackageCache\com.unity.visualscripting@1.6.1\Editor\VisualScripting.Core\Dependencies\DotNetZip\Unity.VisualScripting.IonicZip.dll
Native extension for WindowsStandalone target not found
Native extension for WebGL target not found
Refreshing native plugins compatible for Editor in 0.72 ms, found 2 plugins.
Preloading 0 native plugins for Editor in 0.00 ms.
Mono: successfully reloaded assembly
- Completed reload, in  1.144 seconds
Platform modules already initialized, skipping
Refreshing native plugins compatible for Editor in 0.70 ms, found 2 plugins.
Preloading 0 native plugins for Editor in 0.00 ms.
Unloading 3371 Unused Serialized files (Serialized files now loaded: 0)
System memory in use before: 132.2 MB.
System memory in use after: 132.3 MB.

Unloading 16 unused Assets to reduce memory usage. Loaded Objects now: 4003.
Total: 3.113400 ms (FindLiveObjects: 0.298700 ms CreateObjectMapping: 0.167300 ms MarkObjects: 2.536500 ms  DeleteObjects: 0.109900 ms)

========================================================================
Received Import Request.
  Time since last request: 1407.420962 seconds.
  path: Assets/Prefabs/Kayak.prefab
  artifactKey: Guid(9e0cd5a2a3c6c8c4a9913c034685e3bd) Importer(815301076,1909f56bfc062723c751e8b465ee728b)
Start importing Assets/Prefabs/Kayak.prefab using Guid(9e0cd5a2a3c6c8c4a9913c034685e3bd) Importer(815301076,1909f56bfc062723c751e8b465ee728b)  -> (artifact id: 'a85e5d456f43f30f9f0eb64cf51ff4ae') in 0.068315 seconds 
========================================================================
Received Import Request.
  Time since last request: 3.786015 seconds.
  path: Assets/Prefabs/Kayak.prefab
  artifactKey: Guid(9e0cd5a2a3c6c8c4a9913c034685e3bd) Importer(815301076,1909f56bfc062723c751e8b465ee728b)
Start importing Assets/Prefabs/Kayak.prefab using Guid(9e0cd5a2a3c6c8c4a9913c034685e3bd) Importer(815301076,1909f56bfc062723c751e8b465ee728b)  -> (artifact id: '6368a3639badf6d9af6e87d5b0a0e4cb') in 0.010162 seconds 
========================================================================
Received Import Request.
  Time since last request: 3.997714 seconds.
  path: Assets/Prefabs/Bullet.prefab
  artifactKey: Guid(8b9cc822947b68c499df8d906bddf93c) Importer(815301076,1909f56bfc062723c751e8b465ee728b)
Start importing Assets/Prefabs/Bullet.prefab using Guid(8b9cc822947b68c499df8d906bddf93c) Importer(815301076,1909f56bfc062723c751e8b465ee728b)  -> (artifact id: 'f2553531b081c1fd22f48ac665edce02') in 0.008388 seconds 
========================================================================
Received Prepare
Registering precompiled user dll's ...
Registered in 0.003090 seconds.
Begin MonoManager ReloadAssembly
Symbol file LoadedFromMemory doesn't match image C:\Users\aps26\Desktop\GMTK\NewKayak\Kayak\Kayak2021\Library\PackageCache\com.unity.visualscripting@1.6.1\Editor\VisualScripting.Core\Dependencies\YamlDotNet\Unity.VisualScripting.YamlDotNet.dll
Symbol file LoadedFromMemory doesn't match image C:\Users\aps26\Desktop\GMTK\NewKayak\Kayak\Kayak2021\Library\PackageCache\com.unity.visualscripting@1.6.1\Editor\VisualScripting.Core\Dependencies\DotNetZip\Unity.VisualScripting.IonicZip.dll
Native extension for WindowsStandalone target not found
Native extension for WebGL target not found
Refreshing native plugins compatible for Editor in 0.63 ms, found 2 plugins.
Preloading 0 native plugins for Editor in 0.00 ms.
Mono: successfully reloaded assembly
- Completed reload, in  1.024 seconds
Platform modules already initialized, skipping
Refreshing native plugins compatible for Editor in 0.65 ms, found 2 plugins.
Preloading 0 native plugins for Editor in 0.00 ms.
Unloading 3371 Unused Serialized files (Serialized files now loaded: 0)
System memory in use before: 132.2 MB.
System memory in use after: 132.3 MB.

Unloading 20 unused Assets to reduce memory usage. Loaded Objects now: 4008.
Total: 2.603600 ms (FindLiveObjects: 0.258500 ms CreateObjectMapping: 0.143100 ms MarkObjects: 2.041500 ms  DeleteObjects: 0.159600 ms)

========================================================================
Received Import Request.
  Time since last request: 659.923524 seconds.
  path: Assets/Prefabs/DestructableWall.prefab
  artifactKey: Guid(196ac6d9a98f9be49b68dc99edc6ac14) Importer(815301076,1909f56bfc062723c751e8b465ee728b)
Start importing Assets/Prefabs/DestructableWall.prefab using Guid(196ac6d9a98f9be49b68dc99edc6ac14) Importer(815301076,1909f56bfc062723c751e8b465ee728b)  -> (artifact id: 'e8979d018ecf3a153e1f342b3dd52fa8') in 0.068226 seconds 
AssetImportWorkerClient::OnTransportError - code=2 error=End of file
